{"/Users/user/code/coral-modules/coral-std-library/specs/pure-functions.spec.js":{"path":"/Users/user/code/coral-modules/coral-std-library/specs/pure-functions.spec.js","s":{"1":1,"2":1,"3":1,"4":1,"5":0,"6":0,"7":0,"8":0,"9":0,"10":0,"11":0,"12":0,"13":0,"14":0,"15":0,"16":0,"17":0,"18":0,"19":0,"20":0,"21":0,"22":0,"23":0,"24":0,"25":0,"26":0,"27":0,"28":0,"29":0,"30":0,"31":0,"32":0,"33":0,"34":0,"35":0,"36":0,"37":0,"38":0,"39":0,"40":0,"41":0,"42":0,"43":0,"44":0,"45":0,"46":0,"47":0,"48":0,"49":0,"50":0,"51":0,"52":0,"53":0,"54":0,"55":0,"56":0,"57":0,"58":0,"59":0,"60":0,"61":0,"62":0,"63":0,"64":0,"65":0,"66":0,"67":0,"68":0,"69":0,"70":0,"71":0,"72":0,"73":0,"74":0,"75":0,"76":0,"77":0,"78":0,"79":0,"80":0,"81":0,"82":0,"83":0,"84":0,"85":0,"86":0,"87":0,"88":0,"89":0,"90":0,"91":0,"92":0,"93":0,"94":0,"95":0,"96":0,"97":0,"98":0,"99":0,"100":0,"101":0,"102":0,"103":0,"104":0,"105":0,"106":0,"107":0,"108":0,"109":0,"110":0,"111":0,"112":0,"113":0,"114":0,"115":0,"116":0,"117":0,"118":0,"119":0,"120":0,"121":0,"122":0,"123":0,"124":0,"125":0,"126":0,"127":0,"128":0,"129":0,"130":0,"131":0,"132":0,"133":0,"134":0,"135":0,"136":0,"137":0,"138":0,"139":0,"140":0,"141":0,"142":0,"143":0,"144":0,"145":0,"146":0,"147":0,"148":0,"149":0,"150":0,"151":0,"152":0,"153":0,"154":0,"155":0,"156":0,"157":0,"158":0,"159":0,"160":0,"161":0,"162":0,"163":0,"164":0,"165":0,"166":0,"167":0,"168":0,"169":0,"170":0,"171":0,"172":0,"173":0,"174":0,"175":0,"176":0,"177":0,"178":0,"179":0,"180":0,"181":0,"182":0,"183":0,"184":0,"185":0,"186":0,"187":0,"188":0,"189":0,"190":0,"191":0,"192":0,"193":0,"194":0,"195":0,"196":0,"197":0,"198":0,"199":0,"200":0,"201":0,"202":0,"203":0,"204":0,"205":0,"206":0,"207":0,"208":0,"209":0,"210":0,"211":0,"212":0,"213":0,"214":0,"215":0,"216":0,"217":0,"218":0,"219":0,"220":0,"221":0,"222":0,"223":0,"224":0,"225":0,"226":0,"227":0,"228":0,"229":0,"230":0,"231":0,"232":0,"233":0,"234":0,"235":0,"236":0,"237":0,"238":0,"239":0,"240":0,"241":0,"242":0,"243":0,"244":0,"245":0,"246":0,"247":0,"248":0,"249":0,"250":0,"251":0,"252":0,"253":0,"254":0,"255":0,"256":0,"257":0,"258":0,"259":0,"260":0,"261":0,"262":0,"263":0,"264":0,"265":0,"266":0,"267":0,"268":0,"269":0,"270":0,"271":0,"272":0,"273":0,"274":0,"275":0,"276":0,"277":0,"278":0,"279":0},"b":{},"f":{"1":0,"2":0,"3":0,"4":0,"5":0,"6":0,"7":0,"8":0,"9":0,"10":0,"11":0,"12":0,"13":0,"14":0,"15":0,"16":0,"17":0,"18":0,"19":0,"20":0,"21":0,"22":0,"23":0},"fnMap":{"1":{"name":"(anonymous_1)","line":40,"loc":{"start":{"line":40,"column":26},"end":{"line":40,"column":37}}},"2":{"name":"(anonymous_2)","line":58,"loc":{"start":{"line":58,"column":41},"end":{"line":58,"column":52}}},"3":{"name":"(anonymous_3)","line":336,"loc":{"start":{"line":336,"column":28},"end":{"line":336,"column":39}}},"4":{"name":"(anonymous_4)","line":516,"loc":{"start":{"line":516,"column":207},"end":{"line":516,"column":218}}},"5":{"name":"(anonymous_5)","line":517,"loc":{"start":{"line":517,"column":82},"end":{"line":517,"column":93}}},"6":{"name":"(anonymous_6)","line":534,"loc":{"start":{"line":534,"column":100},"end":{"line":534,"column":111}}},"7":{"name":"(anonymous_7)","line":549,"loc":{"start":{"line":549,"column":236},"end":{"line":549,"column":247}}},"8":{"name":"(anonymous_8)","line":550,"loc":{"start":{"line":550,"column":79},"end":{"line":550,"column":90}}},"9":{"name":"(anonymous_9)","line":569,"loc":{"start":{"line":569,"column":99},"end":{"line":569,"column":110}}},"10":{"name":"(anonymous_10)","line":586,"loc":{"start":{"line":586,"column":79},"end":{"line":586,"column":90}}},"11":{"name":"(anonymous_11)","line":587,"loc":{"start":{"line":587,"column":65},"end":{"line":587,"column":76}}},"12":{"name":"(anonymous_12)","line":604,"loc":{"start":{"line":604,"column":198},"end":{"line":604,"column":209}}},"13":{"name":"(anonymous_13)","line":605,"loc":{"start":{"line":605,"column":56},"end":{"line":605,"column":67}}},"14":{"name":"(anonymous_14)","line":624,"loc":{"start":{"line":624,"column":96},"end":{"line":624,"column":107}}},"15":{"name":"(anonymous_15)","line":625,"loc":{"start":{"line":625,"column":61},"end":{"line":625,"column":72}}},"16":{"name":"(anonymous_16)","line":638,"loc":{"start":{"line":638,"column":181},"end":{"line":638,"column":192}}},"17":{"name":"(anonymous_17)","line":640,"loc":{"start":{"line":640,"column":180},"end":{"line":640,"column":191}}},"18":{"name":"(anonymous_18)","line":677,"loc":{"start":{"line":677,"column":86},"end":{"line":677,"column":97}}},"19":{"name":"(anonymous_19)","line":716,"loc":{"start":{"line":716,"column":120},"end":{"line":716,"column":131}}},"20":{"name":"(anonymous_20)","line":754,"loc":{"start":{"line":754,"column":182},"end":{"line":754,"column":193}}},"21":{"name":"(anonymous_21)","line":756,"loc":{"start":{"line":756,"column":180},"end":{"line":756,"column":191}}},"22":{"name":"(anonymous_22)","line":785,"loc":{"start":{"line":785,"column":86},"end":{"line":785,"column":97}}},"23":{"name":"(anonymous_23)","line":815,"loc":{"start":{"line":815,"column":120},"end":{"line":815,"column":131}}}},"statementMap":{"1":{"start":{"line":1,"column":0},"end":{"line":1,"column":37}},"2":{"start":{"line":2,"column":0},"end":{"line":2,"column":28}},"3":{"start":{"line":3,"column":0},"end":{"line":30,"column":31}},"4":{"start":{"line":32,"column":0},"end":{"line":845,"column":3}},"5":{"start":{"line":34,"column":3},"end":{"line":38,"column":6}},"6":{"start":{"line":35,"column":6},"end":{"line":35,"column":64}},"7":{"start":{"line":36,"column":6},"end":{"line":36,"column":58}},"8":{"start":{"line":37,"column":6},"end":{"line":37,"column":46}},"9":{"start":{"line":40,"column":3},"end":{"line":63,"column":5}},"10":{"start":{"line":41,"column":8},"end":{"line":56,"column":11}},"11":{"start":{"line":42,"column":12},"end":{"line":42,"column":35}},"12":{"start":{"line":44,"column":12},"end":{"line":44,"column":43}},"13":{"start":{"line":45,"column":12},"end":{"line":45,"column":40}},"14":{"start":{"line":47,"column":12},"end":{"line":47,"column":45}},"15":{"start":{"line":48,"column":12},"end":{"line":48,"column":41}},"16":{"start":{"line":50,"column":12},"end":{"line":50,"column":49}},"17":{"start":{"line":51,"column":12},"end":{"line":51,"column":44}},"18":{"start":{"line":54,"column":12},"end":{"line":54,"column":42}},"19":{"start":{"line":55,"column":12},"end":{"line":55,"column":40}},"20":{"start":{"line":58,"column":8},"end":{"line":62,"column":11}},"21":{"start":{"line":59,"column":12},"end":{"line":59,"column":30}},"22":{"start":{"line":60,"column":12},"end":{"line":60,"column":53}},"23":{"start":{"line":61,"column":12},"end":{"line":61,"column":44}},"24":{"start":{"line":66,"column":4},"end":{"line":101,"column":7}},"25":{"start":{"line":67,"column":8},"end":{"line":72,"column":10}},"26":{"start":{"line":75,"column":8},"end":{"line":75,"column":53}},"27":{"start":{"line":76,"column":8},"end":{"line":76,"column":38}},"28":{"start":{"line":78,"column":8},"end":{"line":78,"column":63}},"29":{"start":{"line":79,"column":8},"end":{"line":79,"column":44}},"30":{"start":{"line":83,"column":8},"end":{"line":88,"column":10}},"31":{"start":{"line":89,"column":8},"end":{"line":89,"column":60}},"32":{"start":{"line":90,"column":8},"end":{"line":90,"column":50}},"33":{"start":{"line":93,"column":8},"end":{"line":98,"column":10}},"34":{"start":{"line":99,"column":8},"end":{"line":99,"column":77}},"35":{"start":{"line":100,"column":8},"end":{"line":100,"column":64}},"36":{"start":{"line":103,"column":4},"end":{"line":128,"column":7}},"37":{"start":{"line":104,"column":8},"end":{"line":109,"column":10}},"38":{"start":{"line":110,"column":8},"end":{"line":115,"column":10}},"39":{"start":{"line":116,"column":8},"end":{"line":116,"column":72}},"40":{"start":{"line":117,"column":8},"end":{"line":117,"column":59}},"41":{"start":{"line":119,"column":8},"end":{"line":124,"column":10}},"42":{"start":{"line":125,"column":8},"end":{"line":125,"column":74}},"43":{"start":{"line":126,"column":8},"end":{"line":126,"column":61}},"44":{"start":{"line":130,"column":4},"end":{"line":150,"column":7}},"45":{"start":{"line":131,"column":8},"end":{"line":136,"column":10}},"46":{"start":{"line":138,"column":8},"end":{"line":143,"column":9}},"47":{"start":{"line":144,"column":8},"end":{"line":144,"column":56}},"48":{"start":{"line":145,"column":8},"end":{"line":145,"column":52}},"49":{"start":{"line":147,"column":8},"end":{"line":147,"column":54}},"50":{"start":{"line":148,"column":8},"end":{"line":148,"column":44}},"51":{"start":{"line":152,"column":4},"end":{"line":173,"column":7}},"52":{"start":{"line":153,"column":12},"end":{"line":170,"column":10}},"53":{"start":{"line":171,"column":8},"end":{"line":171,"column":83}},"54":{"start":{"line":172,"column":8},"end":{"line":172,"column":66}},"55":{"start":{"line":175,"column":4},"end":{"line":183,"column":7}},"56":{"start":{"line":176,"column":8},"end":{"line":179,"column":10}},"57":{"start":{"line":180,"column":8},"end":{"line":180,"column":50}},"58":{"start":{"line":181,"column":8},"end":{"line":181,"column":42}},"59":{"start":{"line":185,"column":4},"end":{"line":225,"column":7}},"60":{"start":{"line":186,"column":8},"end":{"line":203,"column":10}},"61":{"start":{"line":204,"column":8},"end":{"line":204,"column":59}},"62":{"start":{"line":206,"column":8},"end":{"line":223,"column":9}},"63":{"start":{"line":224,"column":8},"end":{"line":224,"column":51}},"64":{"start":{"line":227,"column":4},"end":{"line":254,"column":7}},"65":{"start":{"line":228,"column":8},"end":{"line":233,"column":10}},"66":{"start":{"line":236,"column":8},"end":{"line":242,"column":10}},"67":{"start":{"line":243,"column":8},"end":{"line":243,"column":88}},"68":{"start":{"line":244,"column":8},"end":{"line":244,"column":47}},"69":{"start":{"line":247,"column":8},"end":{"line":252,"column":10}},"70":{"start":{"line":253,"column":8},"end":{"line":253,"column":42}},"71":{"start":{"line":256,"column":4},"end":{"line":293,"column":6}},"72":{"start":{"line":258,"column":8},"end":{"line":269,"column":10}},"73":{"start":{"line":271,"column":8},"end":{"line":271,"column":120}},"74":{"start":{"line":272,"column":8},"end":{"line":285,"column":10}},"75":{"start":{"line":286,"column":8},"end":{"line":286,"column":69}},"76":{"start":{"line":288,"column":8},"end":{"line":288,"column":109}},"77":{"start":{"line":289,"column":8},"end":{"line":289,"column":38}},"78":{"start":{"line":291,"column":8},"end":{"line":291,"column":120}},"79":{"start":{"line":292,"column":8},"end":{"line":292,"column":42}},"80":{"start":{"line":295,"column":5},"end":{"line":301,"column":7}},"81":{"start":{"line":296,"column":8},"end":{"line":296,"column":102}},"82":{"start":{"line":297,"column":8},"end":{"line":297,"column":33}},"83":{"start":{"line":299,"column":8},"end":{"line":299,"column":91}},"84":{"start":{"line":300,"column":8},"end":{"line":300,"column":35}},"85":{"start":{"line":303,"column":4},"end":{"line":306,"column":7}},"86":{"start":{"line":304,"column":8},"end":{"line":304,"column":85}},"87":{"start":{"line":305,"column":8},"end":{"line":305,"column":33}},"88":{"start":{"line":308,"column":4},"end":{"line":324,"column":7}},"89":{"start":{"line":309,"column":8},"end":{"line":309,"column":53}},"90":{"start":{"line":310,"column":8},"end":{"line":310,"column":35}},"91":{"start":{"line":314,"column":8},"end":{"line":314,"column":53}},"92":{"start":{"line":315,"column":8},"end":{"line":315,"column":40}},"93":{"start":{"line":318,"column":8},"end":{"line":318,"column":53}},"94":{"start":{"line":319,"column":8},"end":{"line":319,"column":40}},"95":{"start":{"line":322,"column":8},"end":{"line":322,"column":51}},"96":{"start":{"line":323,"column":8},"end":{"line":323,"column":40}},"97":{"start":{"line":326,"column":4},"end":{"line":334,"column":6}},"98":{"start":{"line":327,"column":8},"end":{"line":327,"column":50}},"99":{"start":{"line":328,"column":8},"end":{"line":328,"column":63}},"100":{"start":{"line":330,"column":8},"end":{"line":333,"column":11}},"101":{"start":{"line":331,"column":12},"end":{"line":331,"column":109}},"102":{"start":{"line":332,"column":12},"end":{"line":332,"column":122}},"103":{"start":{"line":336,"column":8},"end":{"line":843,"column":11}},"104":{"start":{"line":337,"column":12},"end":{"line":390,"column":15}},"105":{"start":{"line":338,"column":16},"end":{"line":344,"column":18}},"106":{"start":{"line":347,"column":16},"end":{"line":347,"column":35}},"107":{"start":{"line":348,"column":16},"end":{"line":351,"column":18}},"108":{"start":{"line":352,"column":16},"end":{"line":352,"column":84}},"109":{"start":{"line":353,"column":16},"end":{"line":353,"column":47}},"110":{"start":{"line":356,"column":16},"end":{"line":356,"column":42}},"111":{"start":{"line":357,"column":16},"end":{"line":361,"column":18}},"112":{"start":{"line":362,"column":16},"end":{"line":362,"column":88}},"113":{"start":{"line":363,"column":16},"end":{"line":363,"column":53}},"114":{"start":{"line":366,"column":16},"end":{"line":366,"column":49}},"115":{"start":{"line":367,"column":16},"end":{"line":371,"column":18}},"116":{"start":{"line":372,"column":16},"end":{"line":372,"column":92}},"117":{"start":{"line":373,"column":16},"end":{"line":373,"column":57}},"118":{"start":{"line":376,"column":16},"end":{"line":376,"column":61}},"119":{"start":{"line":377,"column":16},"end":{"line":380,"column":18}},"120":{"start":{"line":382,"column":16},"end":{"line":382,"column":155}},"121":{"start":{"line":383,"column":16},"end":{"line":383,"column":53}},"122":{"start":{"line":386,"column":16},"end":{"line":386,"column":36}},"123":{"start":{"line":388,"column":16},"end":{"line":388,"column":88}},"124":{"start":{"line":389,"column":16},"end":{"line":389,"column":55}},"125":{"start":{"line":392,"column":12},"end":{"line":488,"column":15}},"126":{"start":{"line":393,"column":16},"end":{"line":399,"column":18}},"127":{"start":{"line":402,"column":16},"end":{"line":402,"column":54}},"128":{"start":{"line":403,"column":16},"end":{"line":403,"column":80}},"129":{"start":{"line":404,"column":16},"end":{"line":404,"column":57}},"130":{"start":{"line":407,"column":16},"end":{"line":407,"column":82}},"131":{"start":{"line":408,"column":16},"end":{"line":408,"column":59}},"132":{"start":{"line":411,"column":16},"end":{"line":411,"column":81}},"133":{"start":{"line":412,"column":16},"end":{"line":412,"column":61}},"134":{"start":{"line":415,"column":16},"end":{"line":415,"column":88}},"135":{"start":{"line":416,"column":16},"end":{"line":416,"column":65}},"136":{"start":{"line":417,"column":16},"end":{"line":417,"column":88}},"137":{"start":{"line":418,"column":16},"end":{"line":418,"column":65}},"138":{"start":{"line":420,"column":16},"end":{"line":420,"column":95}},"139":{"start":{"line":421,"column":16},"end":{"line":421,"column":70}},"140":{"start":{"line":423,"column":16},"end":{"line":423,"column":103}},"141":{"start":{"line":424,"column":16},"end":{"line":424,"column":73}},"142":{"start":{"line":427,"column":16},"end":{"line":427,"column":71}},"143":{"start":{"line":428,"column":16},"end":{"line":428,"column":49}},"144":{"start":{"line":431,"column":16},"end":{"line":435,"column":18}},"145":{"start":{"line":436,"column":16},"end":{"line":436,"column":83}},"146":{"start":{"line":437,"column":16},"end":{"line":437,"column":63}},"147":{"start":{"line":440,"column":16},"end":{"line":444,"column":18}},"148":{"start":{"line":445,"column":16},"end":{"line":445,"column":94}},"149":{"start":{"line":446,"column":16},"end":{"line":446,"column":74}},"150":{"start":{"line":449,"column":16},"end":{"line":455,"column":18}},"151":{"start":{"line":456,"column":16},"end":{"line":456,"column":113}},"152":{"start":{"line":457,"column":16},"end":{"line":457,"column":98}},"153":{"start":{"line":460,"column":17},"end":{"line":464,"column":18}},"154":{"start":{"line":466,"column":16},"end":{"line":466,"column":101}},"155":{"start":{"line":467,"column":16},"end":{"line":467,"column":86}},"156":{"start":{"line":470,"column":17},"end":{"line":472,"column":18}},"157":{"start":{"line":474,"column":16},"end":{"line":474,"column":82}},"158":{"start":{"line":475,"column":16},"end":{"line":475,"column":62}},"159":{"start":{"line":478,"column":16},"end":{"line":478,"column":141}},"160":{"start":{"line":479,"column":16},"end":{"line":479,"column":69}},"161":{"start":{"line":482,"column":16},"end":{"line":482,"column":61}},"162":{"start":{"line":483,"column":16},"end":{"line":485,"column":18}},"163":{"start":{"line":486,"column":16},"end":{"line":486,"column":153}},"164":{"start":{"line":487,"column":16},"end":{"line":487,"column":63}},"165":{"start":{"line":490,"column":12},"end":{"line":514,"column":15}},"166":{"start":{"line":491,"column":16},"end":{"line":497,"column":18}},"167":{"start":{"line":499,"column":16},"end":{"line":499,"column":67}},"168":{"start":{"line":500,"column":16},"end":{"line":500,"column":48}},"169":{"start":{"line":502,"column":16},"end":{"line":507,"column":18}},"170":{"start":{"line":509,"column":16},"end":{"line":509,"column":61}},"171":{"start":{"line":510,"column":16},"end":{"line":510,"column":43}},"172":{"start":{"line":512,"column":16},"end":{"line":512,"column":82}},"173":{"start":{"line":513,"column":16},"end":{"line":513,"column":54}},"174":{"start":{"line":516,"column":12},"end":{"line":547,"column":15}},"175":{"start":{"line":517,"column":16},"end":{"line":532,"column":19}},"176":{"start":{"line":519,"column":20},"end":{"line":519,"column":69}},"177":{"start":{"line":520,"column":20},"end":{"line":522,"column":21}},"178":{"start":{"line":523,"column":20},"end":{"line":523,"column":72}},"179":{"start":{"line":524,"column":20},"end":{"line":526,"column":21}},"180":{"start":{"line":527,"column":20},"end":{"line":527,"column":62}},"181":{"start":{"line":529,"column":20},"end":{"line":529,"column":102}},"182":{"start":{"line":530,"column":20},"end":{"line":530,"column":105}},"183":{"start":{"line":531,"column":20},"end":{"line":531,"column":119}},"184":{"start":{"line":534,"column":16},"end":{"line":546,"column":19}},"185":{"start":{"line":535,"column":24},"end":{"line":535,"column":73}},"186":{"start":{"line":536,"column":24},"end":{"line":538,"column":25}},"187":{"start":{"line":539,"column":24},"end":{"line":539,"column":76}},"188":{"start":{"line":540,"column":24},"end":{"line":542,"column":25}},"189":{"start":{"line":543,"column":24},"end":{"line":543,"column":66}},"190":{"start":{"line":545,"column":24},"end":{"line":545,"column":118}},"191":{"start":{"line":549,"column":12},"end":{"line":584,"column":15}},"192":{"start":{"line":550,"column":16},"end":{"line":567,"column":18}},"193":{"start":{"line":551,"column":20},"end":{"line":551,"column":120}},"194":{"start":{"line":552,"column":20},"end":{"line":552,"column":121}},"195":{"start":{"line":553,"column":20},"end":{"line":553,"column":94}},"196":{"start":{"line":555,"column":20},"end":{"line":555,"column":120}},"197":{"start":{"line":556,"column":20},"end":{"line":556,"column":121}},"198":{"start":{"line":557,"column":20},"end":{"line":557,"column":94}},"199":{"start":{"line":559,"column":20},"end":{"line":559,"column":100}},"200":{"start":{"line":560,"column":20},"end":{"line":560,"column":100}},"201":{"start":{"line":561,"column":20},"end":{"line":561,"column":48}},"202":{"start":{"line":563,"column":21},"end":{"line":563,"column":132}},"203":{"start":{"line":564,"column":21},"end":{"line":564,"column":132}},"204":{"start":{"line":565,"column":21},"end":{"line":565,"column":138}},"205":{"start":{"line":569,"column":15},"end":{"line":583,"column":19}},"206":{"start":{"line":570,"column":20},"end":{"line":570,"column":120}},"207":{"start":{"line":571,"column":20},"end":{"line":571,"column":121}},"208":{"start":{"line":572,"column":20},"end":{"line":572,"column":94}},"209":{"start":{"line":574,"column":20},"end":{"line":574,"column":120}},"210":{"start":{"line":575,"column":20},"end":{"line":575,"column":121}},"211":{"start":{"line":576,"column":20},"end":{"line":576,"column":94}},"212":{"start":{"line":578,"column":20},"end":{"line":578,"column":100}},"213":{"start":{"line":579,"column":20},"end":{"line":579,"column":100}},"214":{"start":{"line":580,"column":20},"end":{"line":580,"column":48}},"215":{"start":{"line":582,"column":20},"end":{"line":582,"column":132}},"216":{"start":{"line":586,"column":12},"end":{"line":602,"column":15}},"217":{"start":{"line":587,"column":20},"end":{"line":601,"column":19}},"218":{"start":{"line":588,"column":24},"end":{"line":599,"column":25}},"219":{"start":{"line":600,"column":24},"end":{"line":600,"column":111}},"220":{"start":{"line":604,"column":12},"end":{"line":622,"column":15}},"221":{"start":{"line":605,"column":16},"end":{"line":621,"column":19}},"222":{"start":{"line":606,"column":20},"end":{"line":617,"column":21}},"223":{"start":{"line":618,"column":20},"end":{"line":618,"column":121}},"224":{"start":{"line":619,"column":20},"end":{"line":619,"column":120}},"225":{"start":{"line":620,"column":20},"end":{"line":620,"column":133}},"226":{"start":{"line":624,"column":12},"end":{"line":636,"column":15}},"227":{"start":{"line":625,"column":18},"end":{"line":635,"column":25}},"228":{"start":{"line":626,"column":24},"end":{"line":633,"column":27}},"229":{"start":{"line":634,"column":26},"end":{"line":634,"column":94}},"230":{"start":{"line":638,"column":12},"end":{"line":752,"column":14}},"231":{"start":{"line":639,"column":16},"end":{"line":675,"column":19}},"232":{"start":{"line":641,"column":20},"end":{"line":645,"column":21}},"233":{"start":{"line":647,"column":20},"end":{"line":651,"column":21}},"234":{"start":{"line":653,"column":20},"end":{"line":653,"column":49}},"235":{"start":{"line":655,"column":20},"end":{"line":669,"column":21}},"236":{"start":{"line":671,"column":20},"end":{"line":671,"column":122}},"237":{"start":{"line":672,"column":20},"end":{"line":672,"column":123}},"238":{"start":{"line":673,"column":20},"end":{"line":673,"column":128}},"239":{"start":{"line":677,"column":16},"end":{"line":714,"column":19}},"240":{"start":{"line":678,"column":20},"end":{"line":682,"column":21}},"241":{"start":{"line":684,"column":20},"end":{"line":688,"column":21}},"242":{"start":{"line":690,"column":20},"end":{"line":694,"column":21}},"243":{"start":{"line":696,"column":20},"end":{"line":696,"column":55}},"244":{"start":{"line":698,"column":20},"end":{"line":710,"column":21}},"245":{"start":{"line":712,"column":20},"end":{"line":712,"column":150}},"246":{"start":{"line":716,"column":16},"end":{"line":751,"column":19}},"247":{"start":{"line":717,"column":20},"end":{"line":720,"column":21}},"248":{"start":{"line":722,"column":20},"end":{"line":725,"column":21}},"249":{"start":{"line":727,"column":20},"end":{"line":730,"column":21}},"250":{"start":{"line":732,"column":20},"end":{"line":732,"column":55}},"251":{"start":{"line":734,"column":20},"end":{"line":746,"column":21}},"252":{"start":{"line":748,"column":20},"end":{"line":748,"column":105}},"253":{"start":{"line":749,"column":20},"end":{"line":749,"column":112}},"254":{"start":{"line":754,"column":12},"end":{"line":842,"column":14}},"255":{"start":{"line":755,"column":16},"end":{"line":783,"column":19}},"256":{"start":{"line":758,"column":20},"end":{"line":762,"column":21}},"257":{"start":{"line":764,"column":20},"end":{"line":768,"column":21}},"258":{"start":{"line":770,"column":20},"end":{"line":770,"column":49}},"259":{"start":{"line":773,"column":20},"end":{"line":773,"column":59}},"260":{"start":{"line":774,"column":20},"end":{"line":774,"column":83}},"261":{"start":{"line":775,"column":20},"end":{"line":775,"column":102}},"262":{"start":{"line":779,"column":20},"end":{"line":779,"column":96}},"263":{"start":{"line":780,"column":20},"end":{"line":780,"column":96}},"264":{"start":{"line":781,"column":20},"end":{"line":781,"column":99}},"265":{"start":{"line":785,"column":16},"end":{"line":813,"column":19}},"266":{"start":{"line":786,"column":20},"end":{"line":790,"column":21}},"267":{"start":{"line":792,"column":20},"end":{"line":796,"column":21}},"268":{"start":{"line":798,"column":20},"end":{"line":802,"column":21}},"269":{"start":{"line":804,"column":20},"end":{"line":804,"column":55}},"270":{"start":{"line":806,"column":20},"end":{"line":809,"column":21}},"271":{"start":{"line":811,"column":20},"end":{"line":811,"column":95}},"272":{"start":{"line":815,"column":16},"end":{"line":841,"column":19}},"273":{"start":{"line":816,"column":20},"end":{"line":819,"column":21}},"274":{"start":{"line":821,"column":20},"end":{"line":824,"column":21}},"275":{"start":{"line":826,"column":20},"end":{"line":829,"column":21}},"276":{"start":{"line":831,"column":20},"end":{"line":831,"column":55}},"277":{"start":{"line":833,"column":20},"end":{"line":836,"column":21}},"278":{"start":{"line":838,"column":20},"end":{"line":838,"column":86}},"279":{"start":{"line":839,"column":20},"end":{"line":839,"column":93}}},"branchMap":{}},"/Users/user/code/coral-modules/coral-std-library/std-library.js":{"path":"/Users/user/code/coral-modules/coral-std-library/std-library.js","s":{"1":1,"2":1,"3":1,"4":1,"5":1,"6":0,"7":1,"8":0,"9":0,"10":0,"11":0,"12":0,"13":0,"14":0,"15":0,"16":0,"17":0,"18":0,"19":1,"20":1,"21":1,"22":0,"23":0,"24":1,"25":0,"26":0,"27":0,"28":1,"29":1,"30":1,"31":0,"32":0,"33":0,"34":0,"35":1,"36":0,"37":0,"38":0,"39":0,"40":1,"41":0,"42":1,"43":0,"44":1,"45":0,"46":1,"47":0,"48":1,"49":0,"50":1,"51":0,"52":1,"53":0,"54":1,"55":0,"56":0,"57":0,"58":0,"59":0,"60":1,"61":0,"62":1,"63":0,"64":0,"65":1,"66":0,"67":1,"68":0,"69":1,"70":1,"71":0,"72":1,"73":0,"74":1,"75":1,"76":0,"77":0,"78":1,"79":0,"80":1,"81":0,"82":0,"83":0,"84":1,"85":0,"86":0,"87":0,"88":0,"89":1,"90":0,"91":1,"92":0,"93":1,"94":1,"95":1,"96":0,"97":1,"98":0,"99":0,"100":0,"101":1,"102":0,"103":1,"104":0,"105":1,"106":0,"107":0,"108":0,"109":0,"110":0,"111":1,"112":0,"113":1,"114":1,"115":1,"116":1,"117":1,"118":1,"119":0,"120":0,"121":0,"122":0,"123":0,"124":1,"125":0,"126":0,"127":0,"128":0,"129":0,"130":0,"131":1,"132":0,"133":1,"134":0,"135":0,"136":0,"137":0,"138":1,"139":0,"140":1,"141":0,"142":0,"143":1,"144":0,"145":1,"146":0,"147":1,"148":0,"149":1,"150":0,"151":1,"152":0,"153":1,"154":0,"155":1,"156":0,"157":0,"158":0,"159":1,"160":0,"161":0,"162":0,"163":1,"164":0,"165":1},"b":{"1":[0,0],"2":[0,0],"3":[0,0],"4":[0,0],"5":[0,0],"6":[0,0],"7":[0,0],"8":[0,0],"9":[0,0],"10":[0,0],"11":[0,0],"12":[0,0],"13":[0,0],"14":[0,0],"15":[0,0],"16":[0,0],"17":[0,0],"18":[0,0],"19":[0,0],"20":[0,0],"21":[0,0],"22":[0,0],"23":[0,0],"24":[0,0],"25":[0,0,0,0],"26":[0,0],"27":[0,0,0,0],"28":[0,0],"29":[0,0],"30":[0,0]},"f":{"1":0,"2":0,"3":0,"4":0,"5":0},"fnMap":{"1":{"name":"(anonymous_1)","line":28,"loc":{"start":{"line":28,"column":15},"end":{"line":28,"column":37}}},"2":{"name":"(anonymous_2)","line":105,"loc":{"start":{"line":105,"column":21},"end":{"line":105,"column":34}}},"3":{"name":"(anonymous_3)","line":107,"loc":{"start":{"line":107,"column":29},"end":{"line":107,"column":51}}},"4":{"name":"(anonymous_4)","line":163,"loc":{"start":{"line":163,"column":13},"end":{"line":163,"column":28}}},"5":{"name":"(anonymous_5)","line":323,"loc":{"start":{"line":323,"column":32},"end":{"line":323,"column":47}}}},"statementMap":{"1":{"start":{"line":1,"column":0},"end":{"line":1,"column":37}},"2":{"start":{"line":2,"column":0},"end":{"line":2,"column":26}},"3":{"start":{"line":6,"column":0},"end":{"line":6,"column":25}},"4":{"start":{"line":9,"column":0},"end":{"line":9,"column":37}},"5":{"start":{"line":14,"column":0},"end":{"line":14,"column":59}},"6":{"start":{"line":14,"column":27},"end":{"line":14,"column":59}},"7":{"start":{"line":19,"column":0},"end":{"line":39,"column":1}},"8":{"start":{"line":21,"column":1},"end":{"line":25,"column":16}},"9":{"start":{"line":23,"column":18},"end":{"line":23,"column":23}},"10":{"start":{"line":24,"column":15},"end":{"line":24,"column":25}},"11":{"start":{"line":28,"column":1},"end":{"line":35,"column":17}},"12":{"start":{"line":29,"column":2},"end":{"line":29,"column":15}},"13":{"start":{"line":30,"column":2},"end":{"line":32,"column":3}},"14":{"start":{"line":31,"column":3},"end":{"line":31,"column":45}},"15":{"start":{"line":31,"column":25},"end":{"line":31,"column":31}},"16":{"start":{"line":34,"column":2},"end":{"line":34,"column":13}},"17":{"start":{"line":38,"column":1},"end":{"line":38,"column":40}},"18":{"start":{"line":38,"column":23},"end":{"line":38,"column":31}},"19":{"start":{"line":42,"column":0},"end":{"line":42,"column":37}},"20":{"start":{"line":44,"column":0},"end":{"line":44,"column":33}},"21":{"start":{"line":47,"column":0},"end":{"line":53,"column":1}},"22":{"start":{"line":49,"column":2},"end":{"line":50,"column":37}},"23":{"start":{"line":51,"column":2},"end":{"line":51,"column":39}},"24":{"start":{"line":56,"column":0},"end":{"line":62,"column":2}},"25":{"start":{"line":57,"column":1},"end":{"line":61,"column":2}},"26":{"start":{"line":58,"column":2},"end":{"line":58,"column":26}},"27":{"start":{"line":60,"column":2},"end":{"line":60,"column":15}},"28":{"start":{"line":64,"column":0},"end":{"line":64,"column":43}},"29":{"start":{"line":65,"column":0},"end":{"line":65,"column":59}},"30":{"start":{"line":68,"column":0},"end":{"line":73,"column":3}},"31":{"start":{"line":69,"column":1},"end":{"line":69,"column":35}},"32":{"start":{"line":70,"column":1},"end":{"line":70,"column":28}},"33":{"start":{"line":71,"column":1},"end":{"line":71,"column":31}},"34":{"start":{"line":72,"column":1},"end":{"line":72,"column":16}},"35":{"start":{"line":76,"column":0},"end":{"line":84,"column":22}},"36":{"start":{"line":77,"column":1},"end":{"line":84,"column":20}},"37":{"start":{"line":78,"column":2},"end":{"line":82,"column":5}},"38":{"start":{"line":80,"column":4},"end":{"line":80,"column":47}},"39":{"start":{"line":83,"column":2},"end":{"line":83,"column":13}},"40":{"start":{"line":86,"column":0},"end":{"line":86,"column":76}},"41":{"start":{"line":86,"column":49},"end":{"line":86,"column":74}},"42":{"start":{"line":87,"column":0},"end":{"line":87,"column":88}},"43":{"start":{"line":87,"column":53},"end":{"line":87,"column":86}},"44":{"start":{"line":88,"column":0},"end":{"line":88,"column":71}},"45":{"start":{"line":88,"column":50},"end":{"line":88,"column":69}},"46":{"start":{"line":91,"column":0},"end":{"line":91,"column":95}},"47":{"start":{"line":91,"column":35},"end":{"line":91,"column":95}},"48":{"start":{"line":93,"column":0},"end":{"line":93,"column":45}},"49":{"start":{"line":93,"column":31},"end":{"line":93,"column":44}},"50":{"start":{"line":95,"column":0},"end":{"line":95,"column":50}},"51":{"start":{"line":95,"column":32},"end":{"line":95,"column":48}},"52":{"start":{"line":97,"column":0},"end":{"line":97,"column":67}},"53":{"start":{"line":97,"column":29},"end":{"line":97,"column":66}},"54":{"start":{"line":99,"column":0},"end":{"line":103,"column":2}},"55":{"start":{"line":100,"column":2},"end":{"line":100,"column":33}},"56":{"start":{"line":100,"column":24},"end":{"line":100,"column":32}},"57":{"start":{"line":101,"column":2},"end":{"line":101,"column":33}},"58":{"start":{"line":101,"column":24},"end":{"line":101,"column":32}},"59":{"start":{"line":102,"column":4},"end":{"line":102,"column":26}},"60":{"start":{"line":105,"column":0},"end":{"line":105,"column":62}},"61":{"start":{"line":105,"column":35},"end":{"line":105,"column":60}},"62":{"start":{"line":107,"column":0},"end":{"line":110,"column":2}},"63":{"start":{"line":108,"column":1},"end":{"line":108,"column":54}},"64":{"start":{"line":109,"column":1},"end":{"line":109,"column":108}},"65":{"start":{"line":113,"column":0},"end":{"line":117,"column":7}},"66":{"start":{"line":114,"column":1},"end":{"line":117,"column":7}},"67":{"start":{"line":119,"column":0},"end":{"line":119,"column":50}},"68":{"start":{"line":119,"column":33},"end":{"line":119,"column":48}},"69":{"start":{"line":121,"column":0},"end":{"line":121,"column":47}},"70":{"start":{"line":123,"column":0},"end":{"line":123,"column":42}},"71":{"start":{"line":123,"column":23},"end":{"line":123,"column":41}},"72":{"start":{"line":125,"column":0},"end":{"line":125,"column":53}},"73":{"start":{"line":125,"column":29},"end":{"line":125,"column":52}},"74":{"start":{"line":127,"column":0},"end":{"line":127,"column":70}},"75":{"start":{"line":129,"column":0},"end":{"line":129,"column":103}},"76":{"start":{"line":129,"column":34},"end":{"line":129,"column":102}},"77":{"start":{"line":129,"column":63},"end":{"line":129,"column":89}},"78":{"start":{"line":140,"column":0},"end":{"line":140,"column":116}},"79":{"start":{"line":140,"column":49},"end":{"line":140,"column":115}},"80":{"start":{"line":143,"column":0},"end":{"line":150,"column":1}},"81":{"start":{"line":144,"column":1},"end":{"line":148,"column":2}},"82":{"start":{"line":145,"column":2},"end":{"line":145,"column":14}},"83":{"start":{"line":147,"column":2},"end":{"line":147,"column":46}},"84":{"start":{"line":154,"column":0},"end":{"line":159,"column":3}},"85":{"start":{"line":155,"column":1},"end":{"line":155,"column":39}},"86":{"start":{"line":156,"column":2},"end":{"line":156,"column":43}},"87":{"start":{"line":157,"column":2},"end":{"line":157,"column":52}},"88":{"start":{"line":158,"column":2},"end":{"line":158,"column":42}},"89":{"start":{"line":161,"column":0},"end":{"line":161,"column":77}},"90":{"start":{"line":161,"column":28},"end":{"line":161,"column":76}},"91":{"start":{"line":163,"column":0},"end":{"line":163,"column":46}},"92":{"start":{"line":163,"column":30},"end":{"line":163,"column":43}},"93":{"start":{"line":164,"column":0},"end":{"line":164,"column":36}},"94":{"start":{"line":166,"column":0},"end":{"line":166,"column":44}},"95":{"start":{"line":174,"column":0},"end":{"line":174,"column":40}},"96":{"start":{"line":174,"column":24},"end":{"line":174,"column":38}},"97":{"start":{"line":176,"column":0},"end":{"line":181,"column":1}},"98":{"start":{"line":177,"column":1},"end":{"line":179,"column":2}},"99":{"start":{"line":178,"column":2},"end":{"line":178,"column":23}},"100":{"start":{"line":180,"column":1},"end":{"line":180,"column":18}},"101":{"start":{"line":193,"column":0},"end":{"line":197,"column":2}},"102":{"start":{"line":194,"column":2},"end":{"line":196,"column":137}},"103":{"start":{"line":208,"column":0},"end":{"line":217,"column":2}},"104":{"start":{"line":209,"column":1},"end":{"line":216,"column":136}},"105":{"start":{"line":219,"column":0},"end":{"line":226,"column":3}},"106":{"start":{"line":220,"column":1},"end":{"line":224,"column":2}},"107":{"start":{"line":221,"column":2},"end":{"line":221,"column":24}},"108":{"start":{"line":222,"column":8},"end":{"line":224,"column":2}},"109":{"start":{"line":223,"column":2},"end":{"line":223,"column":13}},"110":{"start":{"line":225,"column":1},"end":{"line":225,"column":149}},"111":{"start":{"line":229,"column":0},"end":{"line":233,"column":7}},"112":{"start":{"line":230,"column":1},"end":{"line":233,"column":6}},"113":{"start":{"line":239,"column":0},"end":{"line":239,"column":72}},"114":{"start":{"line":239,"column":33},"end":{"line":239,"column":71}},"115":{"start":{"line":244,"column":0},"end":{"line":256,"column":2}},"116":{"start":{"line":245,"column":1},"end":{"line":255,"column":2}},"117":{"start":{"line":268,"column":0},"end":{"line":268,"column":52}},"118":{"start":{"line":273,"column":0},"end":{"line":286,"column":3}},"119":{"start":{"line":274,"column":1},"end":{"line":280,"column":11}},"120":{"start":{"line":275,"column":2},"end":{"line":280,"column":10}},"121":{"start":{"line":282,"column":1},"end":{"line":285,"column":48}},"122":{"start":{"line":283,"column":2},"end":{"line":283,"column":28}},"123":{"start":{"line":285,"column":2},"end":{"line":285,"column":48}},"124":{"start":{"line":289,"column":0},"end":{"line":313,"column":3}},"125":{"start":{"line":290,"column":1},"end":{"line":296,"column":51}},"126":{"start":{"line":295,"column":3},"end":{"line":296,"column":50}},"127":{"start":{"line":298,"column":1},"end":{"line":312,"column":2}},"128":{"start":{"line":304,"column":3},"end":{"line":304,"column":26}},"129":{"start":{"line":307,"column":2},"end":{"line":311,"column":18}},"130":{"start":{"line":308,"column":3},"end":{"line":310,"column":19}},"131":{"start":{"line":316,"column":0},"end":{"line":320,"column":17}},"132":{"start":{"line":317,"column":1},"end":{"line":320,"column":16}},"133":{"start":{"line":323,"column":0},"end":{"line":330,"column":2}},"134":{"start":{"line":324,"column":1},"end":{"line":324,"column":46}},"135":{"start":{"line":325,"column":1},"end":{"line":327,"column":2}},"136":{"start":{"line":326,"column":2},"end":{"line":326,"column":43}},"137":{"start":{"line":329,"column":1},"end":{"line":329,"column":46}},"138":{"start":{"line":332,"column":0},"end":{"line":337,"column":2}},"139":{"start":{"line":333,"column":1},"end":{"line":336,"column":2}},"140":{"start":{"line":340,"column":0},"end":{"line":345,"column":1}},"141":{"start":{"line":341,"column":1},"end":{"line":341,"column":29}},"142":{"start":{"line":342,"column":1},"end":{"line":344,"column":19}},"143":{"start":{"line":348,"column":0},"end":{"line":353,"column":2}},"144":{"start":{"line":349,"column":1},"end":{"line":352,"column":2}},"145":{"start":{"line":356,"column":0},"end":{"line":362,"column":2}},"146":{"start":{"line":357,"column":1},"end":{"line":361,"column":7}},"147":{"start":{"line":365,"column":0},"end":{"line":372,"column":2}},"148":{"start":{"line":366,"column":1},"end":{"line":371,"column":7}},"149":{"start":{"line":374,"column":0},"end":{"line":380,"column":2}},"150":{"start":{"line":375,"column":1},"end":{"line":379,"column":2}},"151":{"start":{"line":382,"column":0},"end":{"line":388,"column":2}},"152":{"start":{"line":383,"column":1},"end":{"line":387,"column":2}},"153":{"start":{"line":390,"column":0},"end":{"line":396,"column":2}},"154":{"start":{"line":391,"column":1},"end":{"line":395,"column":2}},"155":{"start":{"line":398,"column":0},"end":{"line":407,"column":2}},"156":{"start":{"line":399,"column":1},"end":{"line":405,"column":17}},"157":{"start":{"line":400,"column":2},"end":{"line":404,"column":50}},"158":{"start":{"line":406,"column":1},"end":{"line":406,"column":23}},"159":{"start":{"line":409,"column":0},"end":{"line":414,"column":1}},"160":{"start":{"line":410,"column":1},"end":{"line":413,"column":2}},"161":{"start":{"line":411,"column":2},"end":{"line":411,"column":72}},"162":{"start":{"line":411,"column":28},"end":{"line":411,"column":55}},"163":{"start":{"line":417,"column":0},"end":{"line":417,"column":199}},"164":{"start":{"line":417,"column":31},"end":{"line":417,"column":198}},"165":{"start":{"line":420,"column":0},"end":{"line":477,"column":1}}},"branchMap":{"1":{"line":14,"type":"cond-expr","locations":[{"start":{"line":14,"column":48},"end":{"line":14,"column":51}},{"start":{"line":14,"column":54},"end":{"line":14,"column":59}}]},"2":{"line":84,"type":"binary-expr","locations":[{"start":{"line":84,"column":4},"end":{"line":84,"column":13}},{"start":{"line":84,"column":17},"end":{"line":84,"column":19}}]},"3":{"line":97,"type":"cond-expr","locations":[{"start":{"line":97,"column":55},"end":{"line":97,"column":62}},{"start":{"line":97,"column":65},"end":{"line":97,"column":66}}]},"4":{"line":100,"type":"if","locations":[{"start":{"line":100,"column":2},"end":{"line":100,"column":2}},{"start":{"line":100,"column":2},"end":{"line":100,"column":2}}]},"5":{"line":101,"type":"if","locations":[{"start":{"line":101,"column":2},"end":{"line":101,"column":2}},{"start":{"line":101,"column":2},"end":{"line":101,"column":2}}]},"6":{"line":123,"type":"cond-expr","locations":[{"start":{"line":123,"column":36},"end":{"line":123,"column":38}},{"start":{"line":123,"column":40},"end":{"line":123,"column":41}}]},"7":{"line":125,"type":"cond-expr","locations":[{"start":{"line":125,"column":47},"end":{"line":125,"column":49}},{"start":{"line":125,"column":51},"end":{"line":125,"column":52}}]},"8":{"line":144,"type":"if","locations":[{"start":{"line":144,"column":1},"end":{"line":144,"column":1}},{"start":{"line":144,"column":1},"end":{"line":144,"column":1}}]},"9":{"line":144,"type":"binary-expr","locations":[{"start":{"line":144,"column":4},"end":{"line":144,"column":25}},{"start":{"line":144,"column":29},"end":{"line":144,"column":62}}]},"10":{"line":177,"type":"if","locations":[{"start":{"line":177,"column":1},"end":{"line":177,"column":1}},{"start":{"line":177,"column":1},"end":{"line":177,"column":1}}]},"11":{"line":194,"type":"cond-expr","locations":[{"start":{"line":195,"column":3},"end":{"line":195,"column":66}},{"start":{"line":196,"column":3},"end":{"line":196,"column":137}}]},"12":{"line":194,"type":"binary-expr","locations":[{"start":{"line":194,"column":2},"end":{"line":194,"column":25}},{"start":{"line":194,"column":29},"end":{"line":194,"column":48}}]},"13":{"line":209,"type":"cond-expr","locations":[{"start":{"line":210,"column":4},"end":{"line":215,"column":19}},{"start":{"line":216,"column":5},"end":{"line":216,"column":136}}]},"14":{"line":209,"type":"binary-expr","locations":[{"start":{"line":209,"column":1},"end":{"line":209,"column":24}},{"start":{"line":209,"column":28},"end":{"line":209,"column":47}}]},"15":{"line":220,"type":"if","locations":[{"start":{"line":220,"column":1},"end":{"line":220,"column":1}},{"start":{"line":220,"column":1},"end":{"line":220,"column":1}}]},"16":{"line":222,"type":"if","locations":[{"start":{"line":222,"column":8},"end":{"line":222,"column":8}},{"start":{"line":222,"column":8},"end":{"line":222,"column":8}}]},"17":{"line":230,"type":"cond-expr","locations":[{"start":{"line":232,"column":3},"end":{"line":232,"column":4}},{"start":{"line":233,"column":3},"end":{"line":233,"column":6}}]},"18":{"line":230,"type":"binary-expr","locations":[{"start":{"line":230,"column":1},"end":{"line":230,"column":13}},{"start":{"line":231,"column":1},"end":{"line":231,"column":18}}]},"19":{"line":275,"type":"cond-expr","locations":[{"start":{"line":279,"column":5},"end":{"line":279,"column":9}},{"start":{"line":280,"column":5},"end":{"line":280,"column":10}}]},"20":{"line":282,"type":"if","locations":[{"start":{"line":282,"column":1},"end":{"line":282,"column":1}},{"start":{"line":282,"column":1},"end":{"line":282,"column":1}}]},"21":{"line":290,"type":"binary-expr","locations":[{"start":{"line":290,"column":24},"end":{"line":290,"column":43}},{"start":{"line":290,"column":47},"end":{"line":290,"column":66}}]},"22":{"line":291,"type":"binary-expr","locations":[{"start":{"line":291,"column":23},"end":{"line":291,"column":47}},{"start":{"line":291,"column":52},"end":{"line":291,"column":76}}]},"23":{"line":295,"type":"binary-expr","locations":[{"start":{"line":295,"column":3},"end":{"line":295,"column":50}},{"start":{"line":296,"column":3},"end":{"line":296,"column":50}}]},"24":{"line":298,"type":"if","locations":[{"start":{"line":298,"column":1},"end":{"line":298,"column":1}},{"start":{"line":298,"column":1},"end":{"line":298,"column":1}}]},"25":{"line":299,"type":"binary-expr","locations":[{"start":{"line":299,"column":2},"end":{"line":299,"column":17}},{"start":{"line":300,"column":2},"end":{"line":300,"column":21}},{"start":{"line":301,"column":2},"end":{"line":301,"column":16}},{"start":{"line":302,"column":2},"end":{"line":302,"column":21}}]},"26":{"line":308,"type":"cond-expr","locations":[{"start":{"line":309,"column":6},"end":{"line":309,"column":9}},{"start":{"line":310,"column":7},"end":{"line":310,"column":19}}]},"27":{"line":317,"type":"binary-expr","locations":[{"start":{"line":317,"column":1},"end":{"line":317,"column":25}},{"start":{"line":318,"column":1},"end":{"line":318,"column":9}},{"start":{"line":319,"column":1},"end":{"line":319,"column":11}},{"start":{"line":320,"column":1},"end":{"line":320,"column":16}}]},"28":{"line":325,"type":"if","locations":[{"start":{"line":325,"column":1},"end":{"line":325,"column":1}},{"start":{"line":325,"column":1},"end":{"line":325,"column":1}}]},"29":{"line":342,"type":"cond-expr","locations":[{"start":{"line":343,"column":4},"end":{"line":343,"column":41}},{"start":{"line":344,"column":4},"end":{"line":344,"column":19}}]},"30":{"line":411,"type":"binary-expr","locations":[{"start":{"line":411,"column":28},"end":{"line":411,"column":47}},{"start":{"line":411,"column":51},"end":{"line":411,"column":55}}]}}}}