TN:
SF:/Users/user/code/coral-modules/coral-std-library/specs/pure-functions.spec.js
FN:40,(anonymous_1)
FN:58,(anonymous_2)
FN:336,(anonymous_3)
FN:516,(anonymous_4)
FN:517,(anonymous_5)
FN:534,(anonymous_6)
FN:549,(anonymous_7)
FN:550,(anonymous_8)
FN:569,(anonymous_9)
FN:586,(anonymous_10)
FN:587,(anonymous_11)
FN:604,(anonymous_12)
FN:605,(anonymous_13)
FN:624,(anonymous_14)
FN:625,(anonymous_15)
FN:638,(anonymous_16)
FN:640,(anonymous_17)
FN:677,(anonymous_18)
FN:716,(anonymous_19)
FN:754,(anonymous_20)
FN:756,(anonymous_21)
FN:785,(anonymous_22)
FN:815,(anonymous_23)
FNF:23
FNH:0
FNDA:0,(anonymous_1)
FNDA:0,(anonymous_2)
FNDA:0,(anonymous_3)
FNDA:0,(anonymous_4)
FNDA:0,(anonymous_5)
FNDA:0,(anonymous_6)
FNDA:0,(anonymous_7)
FNDA:0,(anonymous_8)
FNDA:0,(anonymous_9)
FNDA:0,(anonymous_10)
FNDA:0,(anonymous_11)
FNDA:0,(anonymous_12)
FNDA:0,(anonymous_13)
FNDA:0,(anonymous_14)
FNDA:0,(anonymous_15)
FNDA:0,(anonymous_16)
FNDA:0,(anonymous_17)
FNDA:0,(anonymous_18)
FNDA:0,(anonymous_19)
FNDA:0,(anonymous_20)
FNDA:0,(anonymous_21)
FNDA:0,(anonymous_22)
FNDA:0,(anonymous_23)
DA:1,1
DA:2,1
DA:3,1
DA:32,1
DA:34,0
DA:35,0
DA:36,0
DA:37,0
DA:40,0
DA:41,0
DA:42,0
DA:44,0
DA:45,0
DA:47,0
DA:48,0
DA:50,0
DA:51,0
DA:54,0
DA:55,0
DA:58,0
DA:59,0
DA:60,0
DA:61,0
DA:66,0
DA:67,0
DA:75,0
DA:76,0
DA:78,0
DA:79,0
DA:83,0
DA:89,0
DA:90,0
DA:93,0
DA:99,0
DA:100,0
DA:103,0
DA:104,0
DA:110,0
DA:116,0
DA:117,0
DA:119,0
DA:125,0
DA:126,0
DA:130,0
DA:131,0
DA:138,0
DA:144,0
DA:145,0
DA:147,0
DA:148,0
DA:152,0
DA:153,0
DA:171,0
DA:172,0
DA:175,0
DA:176,0
DA:180,0
DA:181,0
DA:185,0
DA:186,0
DA:204,0
DA:206,0
DA:224,0
DA:227,0
DA:228,0
DA:236,0
DA:243,0
DA:244,0
DA:247,0
DA:253,0
DA:256,0
DA:258,0
DA:271,0
DA:272,0
DA:286,0
DA:288,0
DA:289,0
DA:291,0
DA:292,0
DA:295,0
DA:296,0
DA:297,0
DA:299,0
DA:300,0
DA:303,0
DA:304,0
DA:305,0
DA:308,0
DA:309,0
DA:310,0
DA:314,0
DA:315,0
DA:318,0
DA:319,0
DA:322,0
DA:323,0
DA:326,0
DA:327,0
DA:328,0
DA:330,0
DA:331,0
DA:332,0
DA:336,0
DA:337,0
DA:338,0
DA:347,0
DA:348,0
DA:352,0
DA:353,0
DA:356,0
DA:357,0
DA:362,0
DA:363,0
DA:366,0
DA:367,0
DA:372,0
DA:373,0
DA:376,0
DA:377,0
DA:382,0
DA:383,0
DA:386,0
DA:388,0
DA:389,0
DA:392,0
DA:393,0
DA:402,0
DA:403,0
DA:404,0
DA:407,0
DA:408,0
DA:411,0
DA:412,0
DA:415,0
DA:416,0
DA:417,0
DA:418,0
DA:420,0
DA:421,0
DA:423,0
DA:424,0
DA:427,0
DA:428,0
DA:431,0
DA:436,0
DA:437,0
DA:440,0
DA:445,0
DA:446,0
DA:449,0
DA:456,0
DA:457,0
DA:460,0
DA:466,0
DA:467,0
DA:470,0
DA:474,0
DA:475,0
DA:478,0
DA:479,0
DA:482,0
DA:483,0
DA:486,0
DA:487,0
DA:490,0
DA:491,0
DA:499,0
DA:500,0
DA:502,0
DA:509,0
DA:510,0
DA:512,0
DA:513,0
DA:516,0
DA:517,0
DA:519,0
DA:520,0
DA:523,0
DA:524,0
DA:527,0
DA:529,0
DA:530,0
DA:531,0
DA:534,0
DA:535,0
DA:536,0
DA:539,0
DA:540,0
DA:543,0
DA:545,0
DA:549,0
DA:550,0
DA:551,0
DA:552,0
DA:553,0
DA:555,0
DA:556,0
DA:557,0
DA:559,0
DA:560,0
DA:561,0
DA:563,0
DA:564,0
DA:565,0
DA:569,0
DA:570,0
DA:571,0
DA:572,0
DA:574,0
DA:575,0
DA:576,0
DA:578,0
DA:579,0
DA:580,0
DA:582,0
DA:586,0
DA:587,0
DA:588,0
DA:600,0
DA:604,0
DA:605,0
DA:606,0
DA:618,0
DA:619,0
DA:620,0
DA:624,0
DA:625,0
DA:626,0
DA:634,0
DA:638,0
DA:639,0
DA:641,0
DA:647,0
DA:653,0
DA:655,0
DA:671,0
DA:672,0
DA:673,0
DA:677,0
DA:678,0
DA:684,0
DA:690,0
DA:696,0
DA:698,0
DA:712,0
DA:716,0
DA:717,0
DA:722,0
DA:727,0
DA:732,0
DA:734,0
DA:748,0
DA:749,0
DA:754,0
DA:755,0
DA:758,0
DA:764,0
DA:770,0
DA:773,0
DA:774,0
DA:775,0
DA:779,0
DA:780,0
DA:781,0
DA:785,0
DA:786,0
DA:792,0
DA:798,0
DA:804,0
DA:806,0
DA:811,0
DA:815,0
DA:816,0
DA:821,0
DA:826,0
DA:831,0
DA:833,0
DA:838,0
DA:839,0
LF:279
LH:4
BRF:0
BRH:0
end_of_record
TN:
SF:/Users/user/code/coral-modules/coral-std-library/std-library.js
FN:28,(anonymous_1)
FN:105,(anonymous_2)
FN:107,(anonymous_3)
FN:163,(anonymous_4)
FN:323,(anonymous_5)
FNF:5
FNH:0
FNDA:0,(anonymous_1)
FNDA:0,(anonymous_2)
FNDA:0,(anonymous_3)
FNDA:0,(anonymous_4)
FNDA:0,(anonymous_5)
DA:1,1
DA:2,1
DA:6,1
DA:9,1
DA:14,1
DA:19,1
DA:21,0
DA:23,0
DA:24,0
DA:28,0
DA:29,0
DA:30,0
DA:31,0
DA:34,0
DA:38,0
DA:42,1
DA:44,1
DA:47,1
DA:49,0
DA:51,0
DA:56,1
DA:57,0
DA:58,0
DA:60,0
DA:64,1
DA:65,1
DA:68,1
DA:69,0
DA:70,0
DA:71,0
DA:72,0
DA:76,1
DA:77,0
DA:78,0
DA:80,0
DA:83,0
DA:86,1
DA:87,1
DA:88,1
DA:91,1
DA:93,1
DA:95,1
DA:97,1
DA:99,1
DA:100,0
DA:101,0
DA:102,0
DA:105,1
DA:107,1
DA:108,0
DA:109,0
DA:113,1
DA:114,0
DA:119,1
DA:121,1
DA:123,1
DA:125,1
DA:127,1
DA:129,1
DA:140,1
DA:143,1
DA:144,0
DA:145,0
DA:147,0
DA:154,1
DA:155,0
DA:156,0
DA:157,0
DA:158,0
DA:161,1
DA:163,1
DA:164,1
DA:166,1
DA:174,1
DA:176,1
DA:177,0
DA:178,0
DA:180,0
DA:193,1
DA:194,0
DA:208,1
DA:209,0
DA:219,1
DA:220,0
DA:221,0
DA:222,0
DA:223,0
DA:225,0
DA:229,1
DA:230,0
DA:239,1
DA:244,1
DA:245,1
DA:268,1
DA:273,1
DA:274,0
DA:275,0
DA:282,0
DA:283,0
DA:285,0
DA:289,1
DA:290,0
DA:295,0
DA:298,0
DA:304,0
DA:307,0
DA:308,0
DA:316,1
DA:317,0
DA:323,1
DA:324,0
DA:325,0
DA:326,0
DA:329,0
DA:332,1
DA:333,0
DA:340,1
DA:341,0
DA:342,0
DA:348,1
DA:349,0
DA:356,1
DA:357,0
DA:365,1
DA:366,0
DA:374,1
DA:375,0
DA:382,1
DA:383,0
DA:390,1
DA:391,0
DA:398,1
DA:399,0
DA:400,0
DA:406,0
DA:409,1
DA:410,0
DA:411,0
DA:417,1
DA:420,1
LF:140
LH:64
BRDA:14,1,0,0
BRDA:14,1,1,0
BRDA:84,2,0,0
BRDA:84,2,1,0
BRDA:97,3,0,0
BRDA:97,3,1,0
BRDA:100,4,0,0
BRDA:100,4,1,0
BRDA:101,5,0,0
BRDA:101,5,1,0
BRDA:123,6,0,0
BRDA:123,6,1,0
BRDA:125,7,0,0
BRDA:125,7,1,0
BRDA:144,8,0,0
BRDA:144,8,1,0
BRDA:144,9,0,0
BRDA:144,9,1,0
BRDA:177,10,0,0
BRDA:177,10,1,0
BRDA:194,11,0,0
BRDA:194,11,1,0
BRDA:194,12,0,0
BRDA:194,12,1,0
BRDA:209,13,0,0
BRDA:209,13,1,0
BRDA:209,14,0,0
BRDA:209,14,1,0
BRDA:220,15,0,0
BRDA:220,15,1,0
BRDA:222,16,0,0
BRDA:222,16,1,0
BRDA:230,17,0,0
BRDA:230,17,1,0
BRDA:230,18,0,0
BRDA:230,18,1,0
BRDA:275,19,0,0
BRDA:275,19,1,0
BRDA:282,20,0,0
BRDA:282,20,1,0
BRDA:290,21,0,0
BRDA:290,21,1,0
BRDA:291,22,0,0
BRDA:291,22,1,0
BRDA:295,23,0,0
BRDA:295,23,1,0
BRDA:298,24,0,0
BRDA:298,24,1,0
BRDA:299,25,0,0
BRDA:299,25,1,0
BRDA:299,25,2,0
BRDA:299,25,3,0
BRDA:308,26,0,0
BRDA:308,26,1,0
BRDA:317,27,0,0
BRDA:317,27,1,0
BRDA:317,27,2,0
BRDA:317,27,3,0
BRDA:325,28,0,0
BRDA:325,28,1,0
BRDA:342,29,0,0
BRDA:342,29,1,0
BRDA:411,30,0,0
BRDA:411,30,1,0
BRF:64
BRH:0
end_of_record
